[2024-02-19 10:39:16] local.ERROR: PDOException: SQLSTATE[HY000] [2002] Connection refused in /application/myoctober/vendor/laravel/framework/src/Illuminate/Database/Connectors/Connector.php:70
Stack trace:
#0 /application/myoctober/vendor/laravel/framework/src/Illuminate/Database/Connectors/Connector.php(70): PDO->__construct()
#1 /application/myoctober/vendor/laravel/framework/src/Illuminate/Database/Connectors/Connector.php(100): Illuminate\Database\Connectors\Connector->createPdoConnection()
#2 /application/myoctober/vendor/laravel/framework/src/Illuminate/Database/Connectors/Connector.php(50): Illuminate\Database\Connectors\Connector->tryAgainIfCausedByLostConnection()
#3 /application/myoctober/vendor/laravel/framework/src/Illuminate/Database/Connectors/MySqlConnector.php(24): Illuminate\Database\Connectors\Connector->createConnection()
#4 /application/myoctober/vendor/october/rain/src/Database/Connectors/ConnectionFactory.php(29): Illuminate\Database\Connectors\MySqlConnector->connect()
#5 [internal function]: October\Rain\Database\Connectors\ConnectionFactory->October\Rain\Database\Connectors\{closure}()
#6 /application/myoctober/vendor/laravel/framework/src/Illuminate/Database/Connection.php(1181): call_user_func()
#7 /application/myoctober/vendor/laravel/framework/src/Illuminate/Database/Connection.php(486): Illuminate\Database\Connection->getPdo()
#8 /application/myoctober/vendor/laravel/framework/src/Illuminate/Database/Connection.php(414): Illuminate\Database\Connection->getPdoForSelect()
#9 /application/myoctober/vendor/laravel/framework/src/Illuminate/Database/Connection.php(753): Illuminate\Database\Connection->Illuminate\Database\{closure}()
#10 /application/myoctober/vendor/laravel/framework/src/Illuminate/Database/Connection.php(899): Illuminate\Database\Connection->runQueryCallback()
#11 /application/myoctober/vendor/laravel/framework/src/Illuminate/Database/Connection.php(879): Illuminate\Database\Connection->tryAgainIfCausedByLostConnection()
#12 /application/myoctober/vendor/laravel/framework/src/Illuminate/Database/Connection.php(723): Illuminate\Database\Connection->handleQueryException()
#13 /application/myoctober/vendor/laravel/framework/src/Illuminate/Database/Connection.php(422): Illuminate\Database\Connection->run()
#14 /application/myoctober/vendor/laravel/framework/src/Illuminate/Database/Connection.php(392): Illuminate\Database\Connection->select()
#15 /application/myoctober/vendor/laravel/framework/src/Illuminate/Database/Schema/MySqlBuilder.php(44): Illuminate\Database\Connection->selectFromWriteConnection()
#16 /application/myoctober/vendor/laravel/framework/src/Illuminate/Support/Facades/Facade.php(338): Illuminate\Database\Schema\MySqlBuilder->hasTable()
#17 /application/myoctober/modules/system/classes/UpdateManager.php(112): Illuminate\Support\Facades\Facade::__callStatic()
#18 /application/myoctober/modules/system/console/OctoberMigrate.php(47): System\Classes\UpdateManager->update()
#19 /application/myoctober/vendor/laravel/framework/src/Illuminate/Container/BoundMethod.php(36): System\Console\OctoberMigrate->handle()
#20 /application/myoctober/vendor/laravel/framework/src/Illuminate/Container/Util.php(41): Illuminate\Container\BoundMethod::Illuminate\Container\{closure}()
#21 /application/myoctober/vendor/laravel/framework/src/Illuminate/Container/BoundMethod.php(93): Illuminate\Container\Util::unwrapIfClosure()
#22 /application/myoctober/vendor/laravel/framework/src/Illuminate/Container/BoundMethod.php(37): Illuminate\Container\BoundMethod::callBoundMethod()
#23 /application/myoctober/vendor/laravel/framework/src/Illuminate/Container/Container.php(661): Illuminate\Container\BoundMethod::call()
#24 /application/myoctober/vendor/laravel/framework/src/Illuminate/Console/Command.php(183): Illuminate\Container\Container->call()
#25 /application/myoctober/vendor/symfony/console/Command/Command.php(326): Illuminate\Console\Command->execute()
#26 /application/myoctober/vendor/laravel/framework/src/Illuminate/Console/Command.php(153): Symfony\Component\Console\Command\Command->run()
#27 /application/myoctober/vendor/symfony/console/Application.php(1078): Illuminate\Console\Command->run()
#28 /application/myoctober/vendor/symfony/console/Application.php(324): Symfony\Component\Console\Application->doRunCommand()
#29 /application/myoctober/vendor/symfony/console/Application.php(175): Symfony\Component\Console\Application->doRun()
#30 /application/myoctober/vendor/laravel/framework/src/Illuminate/Console/Application.php(102): Symfony\Component\Console\Application->run()
#31 /application/myoctober/vendor/laravel/framework/src/Illuminate/Foundation/Console/Kernel.php(155): Illuminate\Console\Application->run()
#32 /application/myoctober/artisan(35): Illuminate\Foundation\Console\Kernel->handle()
#33 {main}

Next Illuminate\Database\QueryException: SQLSTATE[HY000] [2002] Connection refused (SQL: select * from information_schema.tables where table_schema = octobercms and table_name = migrations and table_type = 'BASE TABLE') in /application/myoctober/vendor/laravel/framework/src/Illuminate/Database/Connection.php:760
Stack trace:
#0 /application/myoctober/vendor/laravel/framework/src/Illuminate/Database/Connection.php(899): Illuminate\Database\Connection->runQueryCallback()
#1 /application/myoctober/vendor/laravel/framework/src/Illuminate/Database/Connection.php(879): Illuminate\Database\Connection->tryAgainIfCausedByLostConnection()
#2 /application/myoctober/vendor/laravel/framework/src/Illuminate/Database/Connection.php(723): Illuminate\Database\Connection->handleQueryException()
#3 /application/myoctober/vendor/laravel/framework/src/Illuminate/Database/Connection.php(422): Illuminate\Database\Connection->run()
#4 /application/myoctober/vendor/laravel/framework/src/Illuminate/Database/Connection.php(392): Illuminate\Database\Connection->select()
#5 /application/myoctober/vendor/laravel/framework/src/Illuminate/Database/Schema/MySqlBuilder.php(44): Illuminate\Database\Connection->selectFromWriteConnection()
#6 /application/myoctober/vendor/laravel/framework/src/Illuminate/Support/Facades/Facade.php(338): Illuminate\Database\Schema\MySqlBuilder->hasTable()
#7 /application/myoctober/modules/system/classes/UpdateManager.php(112): Illuminate\Support\Facades\Facade::__callStatic()
#8 /application/myoctober/modules/system/console/OctoberMigrate.php(47): System\Classes\UpdateManager->update()
#9 /application/myoctober/vendor/laravel/framework/src/Illuminate/Container/BoundMethod.php(36): System\Console\OctoberMigrate->handle()
#10 /application/myoctober/vendor/laravel/framework/src/Illuminate/Container/Util.php(41): Illuminate\Container\BoundMethod::Illuminate\Container\{closure}()
#11 /application/myoctober/vendor/laravel/framework/src/Illuminate/Container/BoundMethod.php(93): Illuminate\Container\Util::unwrapIfClosure()
#12 /application/myoctober/vendor/laravel/framework/src/Illuminate/Container/BoundMethod.php(37): Illuminate\Container\BoundMethod::callBoundMethod()
#13 /application/myoctober/vendor/laravel/framework/src/Illuminate/Container/Container.php(661): Illuminate\Container\BoundMethod::call()
#14 /application/myoctober/vendor/laravel/framework/src/Illuminate/Console/Command.php(183): Illuminate\Container\Container->call()
#15 /application/myoctober/vendor/symfony/console/Command/Command.php(326): Illuminate\Console\Command->execute()
#16 /application/myoctober/vendor/laravel/framework/src/Illuminate/Console/Command.php(153): Symfony\Component\Console\Command\Command->run()
#17 /application/myoctober/vendor/symfony/console/Application.php(1078): Illuminate\Console\Command->run()
#18 /application/myoctober/vendor/symfony/console/Application.php(324): Symfony\Component\Console\Application->doRunCommand()
#19 /application/myoctober/vendor/symfony/console/Application.php(175): Symfony\Component\Console\Application->doRun()
#20 /application/myoctober/vendor/laravel/framework/src/Illuminate/Console/Application.php(102): Symfony\Component\Console\Application->run()
#21 /application/myoctober/vendor/laravel/framework/src/Illuminate/Foundation/Console/Kernel.php(155): Illuminate\Console\Application->run()
#22 /application/myoctober/artisan(35): Illuminate\Foundation\Console\Kernel->handle()
#23 {main}  
[2024-02-19 11:51:38] local.ERROR: Symfony\Component\Console\Exception\CommandNotFoundException: Command "october:install" is not defined.

Did you mean one of these?
    migrate:install
    october:about
    october:down
    october:fresh
    october:migrate
    october:mirror
    october:optimize
    october:passwd
    october:up
    october:update
    october:util
    plugin:install
    theme:install in /application/myoctober/vendor/symfony/console/Application.php:737
Stack trace:
#0 /application/myoctober/vendor/symfony/console/Application.php(266): Symfony\Component\Console\Application->find()
#1 /application/myoctober/vendor/symfony/console/Application.php(175): Symfony\Component\Console\Application->doRun()
#2 /application/myoctober/vendor/laravel/framework/src/Illuminate/Console/Application.php(102): Symfony\Component\Console\Application->run()
#3 /application/myoctober/vendor/laravel/framework/src/Illuminate/Foundation/Console/Kernel.php(155): Illuminate\Console\Application->run()
#4 /application/myoctober/artisan(35): Illuminate\Foundation\Console\Kernel->handle()
#5 {main}  
